{"C:\\Users\\Andrey Desktop\\vite-atomic-design-app\\src\\components\\1-atoms\\Button\\button.component.tsx": {"path":"C:\\Users\\Andrey Desktop\\vite-atomic-design-app\\src\\components\\1-atoms\\Button\\button.component.tsx","all":false,"statementMap":{"1":{"start":{"line":2,"column":0},"end":{"line":2,"column":26}},"2":{"start":{"line":3,"column":0},"end":{"line":3,"column":33}},"9":{"start":{"line":10,"column":0},"end":{"line":10,"column":24}},"10":{"start":{"line":11,"column":0},"end":{"line":11,"column":11}},"11":{"start":{"line":12,"column":0},"end":{"line":12,"column":22}},"12":{"start":{"line":13,"column":0},"end":{"line":13,"column":10}},"13":{"start":{"line":14,"column":0},"end":{"line":14,"column":20}},"14":{"start":{"line":15,"column":0},"end":{"line":15,"column":42}},"15":{"start":{"line":16,"column":0},"end":{"line":16,"column":10}},"16":{"start":{"line":17,"column":0},"end":{"line":17,"column":45}},"17":{"start":{"line":18,"column":0},"end":{"line":18,"column":16}},"18":{"start":{"line":19,"column":0},"end":{"line":19,"column":13}},"20":{"start":{"line":21,"column":0},"end":{"line":21,"column":2}}},"s":{"1":1,"2":1,"9":1,"10":8,"11":8,"12":8,"13":8,"14":8,"15":8,"16":8,"17":8,"18":8,"20":8},"branchMap":{"0":{"type":"branch","line":10,"loc":{"start":{"line":10,"column":22},"end":{"line":21,"column":2}},"locations":[{"start":{"line":10,"column":22},"end":{"line":21,"column":2}}]}},"b":{"0":[8]},"fnMap":{"0":{"name":"Button","decl":{"start":{"line":10,"column":22},"end":{"line":21,"column":2}},"loc":{"start":{"line":10,"column":22},"end":{"line":21,"column":2}},"line":10}},"f":{"0":8}}
,"C:\\Users\\Andrey Desktop\\vite-atomic-design-app\\src\\components\\3-organisms\\Counter\\counter.component.tsx": {"path":"C:\\Users\\Andrey Desktop\\vite-atomic-design-app\\src\\components\\3-organisms\\Counter\\counter.component.tsx","all":false,"statementMap":{"1":{"start":{"line":2,"column":0},"end":{"line":2,"column":76}},"2":{"start":{"line":3,"column":0},"end":{"line":3,"column":8}},"7":{"start":{"line":8,"column":0},"end":{"line":8,"column":63}},"8":{"start":{"line":9,"column":0},"end":{"line":9,"column":34}},"10":{"start":{"line":11,"column":0},"end":{"line":11,"column":30}},"11":{"start":{"line":12,"column":0},"end":{"line":12,"column":44}},"12":{"start":{"line":13,"column":0},"end":{"line":13,"column":36}},"14":{"start":{"line":15,"column":0},"end":{"line":15,"column":10}},"15":{"start":{"line":16,"column":0},"end":{"line":16,"column":29}},"16":{"start":{"line":17,"column":0},"end":{"line":17,"column":55}},"17":{"start":{"line":18,"column":0},"end":{"line":18,"column":53}},"18":{"start":{"line":19,"column":0},"end":{"line":19,"column":41}},"19":{"start":{"line":20,"column":0},"end":{"line":20,"column":72}},"21":{"start":{"line":22,"column":0},"end":{"line":22,"column":17}},"22":{"start":{"line":23,"column":0},"end":{"line":23,"column":71}},"24":{"start":{"line":25,"column":0},"end":{"line":25,"column":17}},"25":{"start":{"line":26,"column":0},"end":{"line":26,"column":12}},"26":{"start":{"line":27,"column":0},"end":{"line":27,"column":10}},"28":{"start":{"line":29,"column":0},"end":{"line":29,"column":2}}},"s":{"1":1,"2":1,"7":1,"8":1,"10":1,"11":2,"12":2,"14":2,"15":2,"16":2,"17":2,"18":2,"19":2,"21":2,"22":2,"24":2,"25":2,"26":2,"28":2},"branchMap":{"0":{"type":"branch","line":11,"loc":{"start":{"line":11,"column":23},"end":{"line":29,"column":2}},"locations":[{"start":{"line":11,"column":23},"end":{"line":29,"column":2}}]}},"b":{"0":[2]},"fnMap":{"0":{"name":"Counter","decl":{"start":{"line":11,"column":23},"end":{"line":29,"column":2}},"loc":{"start":{"line":11,"column":23},"end":{"line":29,"column":2}},"line":11},"1":{"name":"onClick","decl":{"start":{"line":20,"column":25},"end":{"line":20,"column":54}},"loc":{"start":{"line":20,"column":25},"end":{"line":20,"column":54}},"line":20},"2":{"name":"onClick","decl":{"start":{"line":23,"column":25},"end":{"line":23,"column":54}},"loc":{"start":{"line":23,"column":25},"end":{"line":23,"column":54}},"line":23}},"f":{"0":2,"1":0,"2":0}}
,"C:\\Users\\Andrey Desktop\\vite-atomic-design-app\\src\\components\\3-organisms\\Header\\header.component.tsx": {"path":"C:\\Users\\Andrey Desktop\\vite-atomic-design-app\\src\\components\\3-organisms\\Header\\header.component.tsx","all":false,"statementMap":{"1":{"start":{"line":2,"column":0},"end":{"line":2,"column":33}},"3":{"start":{"line":4,"column":0},"end":{"line":4,"column":29}},"4":{"start":{"line":5,"column":0},"end":{"line":5,"column":10}},"5":{"start":{"line":6,"column":0},"end":{"line":6,"column":36}},"6":{"start":{"line":7,"column":0},"end":{"line":7,"column":57}},"7":{"start":{"line":8,"column":0},"end":{"line":8,"column":40}},"8":{"start":{"line":9,"column":0},"end":{"line":9,"column":28}},"9":{"start":{"line":10,"column":0},"end":{"line":10,"column":29}},"10":{"start":{"line":11,"column":0},"end":{"line":11,"column":31}},"11":{"start":{"line":12,"column":0},"end":{"line":12,"column":12}},"12":{"start":{"line":13,"column":0},"end":{"line":13,"column":13}},"14":{"start":{"line":15,"column":0},"end":{"line":15,"column":2}}},"s":{"1":1,"3":1,"4":4,"5":4,"6":4,"7":4,"8":4,"9":4,"10":4,"11":4,"12":4,"14":4},"branchMap":{"0":{"type":"branch","line":4,"loc":{"start":{"line":4,"column":22},"end":{"line":15,"column":2}},"locations":[{"start":{"line":4,"column":22},"end":{"line":15,"column":2}}]}},"b":{"0":[4]},"fnMap":{"0":{"name":"Header","decl":{"start":{"line":4,"column":22},"end":{"line":15,"column":2}},"loc":{"start":{"line":4,"column":22},"end":{"line":15,"column":2}},"line":4}},"f":{"0":4}}
,"C:\\Users\\Andrey Desktop\\vite-atomic-design-app\\src\\components\\4-templates\\MainLayout\\main-layout.component.tsx": {"path":"C:\\Users\\Andrey Desktop\\vite-atomic-design-app\\src\\components\\4-templates\\MainLayout\\main-layout.component.tsx","all":false,"statementMap":{"1":{"start":{"line":2,"column":0},"end":{"line":2,"column":26}},"2":{"start":{"line":3,"column":0},"end":{"line":3,"column":67}},"3":{"start":{"line":4,"column":0},"end":{"line":4,"column":38}},"9":{"start":{"line":10,"column":0},"end":{"line":10,"column":62}},"10":{"start":{"line":11,"column":0},"end":{"line":11,"column":10}},"11":{"start":{"line":12,"column":0},"end":{"line":12,"column":33}},"12":{"start":{"line":13,"column":0},"end":{"line":13,"column":16}},"13":{"start":{"line":14,"column":0},"end":{"line":14,"column":62}},"14":{"start":{"line":15,"column":0},"end":{"line":15,"column":46}},"15":{"start":{"line":16,"column":0},"end":{"line":16,"column":39}},"16":{"start":{"line":17,"column":0},"end":{"line":17,"column":15}},"17":{"start":{"line":18,"column":0},"end":{"line":18,"column":10}},"19":{"start":{"line":20,"column":0},"end":{"line":20,"column":2}}},"s":{"1":1,"2":1,"3":1,"9":1,"10":2,"11":2,"12":2,"13":2,"14":2,"15":2,"16":2,"17":2,"19":2},"branchMap":{"0":{"type":"branch","line":10,"loc":{"start":{"line":10,"column":26},"end":{"line":20,"column":2}},"locations":[{"start":{"line":10,"column":26},"end":{"line":20,"column":2}}]}},"b":{"0":[2]},"fnMap":{"0":{"name":"MainLayout","decl":{"start":{"line":10,"column":26},"end":{"line":20,"column":2}},"loc":{"start":{"line":10,"column":26},"end":{"line":20,"column":2}},"line":10}},"f":{"0":2}}
,"C:\\Users\\Andrey Desktop\\vite-atomic-design-app\\src\\components\\5-pages\\HomePage\\home-page.component.tsx": {"path":"C:\\Users\\Andrey Desktop\\vite-atomic-design-app\\src\\components\\5-pages\\HomePage\\home-page.component.tsx","all":false,"statementMap":{"1":{"start":{"line":2,"column":0},"end":{"line":2,"column":80}},"2":{"start":{"line":3,"column":0},"end":{"line":3,"column":70}},"3":{"start":{"line":4,"column":0},"end":{"line":4,"column":36}},"5":{"start":{"line":6,"column":0},"end":{"line":6,"column":31}},"6":{"start":{"line":7,"column":0},"end":{"line":7,"column":10}},"7":{"start":{"line":8,"column":0},"end":{"line":8,"column":16}},"8":{"start":{"line":9,"column":0},"end":{"line":9,"column":33}},"9":{"start":{"line":10,"column":0},"end":{"line":10,"column":55}},"10":{"start":{"line":11,"column":0},"end":{"line":11,"column":75}},"11":{"start":{"line":12,"column":0},"end":{"line":12,"column":19}},"12":{"start":{"line":13,"column":0},"end":{"line":13,"column":12}},"13":{"start":{"line":14,"column":0},"end":{"line":14,"column":17}},"15":{"start":{"line":16,"column":0},"end":{"line":16,"column":2}}},"s":{"1":1,"2":1,"3":1,"5":1,"6":1,"7":1,"8":1,"9":1,"10":1,"11":1,"12":1,"13":1,"15":1},"branchMap":{"0":{"type":"branch","line":6,"loc":{"start":{"line":6,"column":24},"end":{"line":16,"column":2}},"locations":[{"start":{"line":6,"column":24},"end":{"line":16,"column":2}}]}},"b":{"0":[1]},"fnMap":{"0":{"name":"HomePage","decl":{"start":{"line":6,"column":24},"end":{"line":16,"column":2}},"loc":{"start":{"line":6,"column":24},"end":{"line":16,"column":2}},"line":6}},"f":{"0":1}}
}
